2025-10-30 18:17:59,689:DEBUG:certbot._internal.main:certbot version: 5.1.0
2025-10-30 18:17:59,690:DEBUG:certbot._internal.main:Location of certbot entry point: /opt/homebrew/bin/certbot
2025-10-30 18:17:59,690:DEBUG:certbot._internal.main:Arguments: ['--manual', '--preferred-challenges', 'dns', '-d', 'servicefoundry.ca', '-d', '*.servicefoundry.ca', '--logs-dir', '.', '--work-dir', '.', '--config-dir', '.']
2025-10-30 18:17:59,690:DEBUG:certbot._internal.main:Discovered plugins: PluginsRegistry(PluginEntryPoint#apache,PluginEntryPoint#dns-cloudflare,PluginEntryPoint#manual,PluginEntryPoint#nginx,PluginEntryPoint#null,PluginEntryPoint#standalone,PluginEntryPoint#webroot)
2025-10-30 18:17:59,704:DEBUG:certbot._internal.log:Root logging level set at 30
2025-10-30 18:17:59,704:DEBUG:certbot._internal.plugins.selection:Requested authenticator manual and installer None
2025-10-30 18:17:59,704:DEBUG:certbot._internal.plugins.selection:Single candidate plugin: * manual
Description: Manual configuration or run your own shell scripts
Interfaces: Authenticator, Plugin
Entry point: EntryPoint(name='manual', value='certbot._internal.plugins.manual:Authenticator', group='certbot.plugins')
Initialized: <certbot._internal.plugins.manual.Authenticator object at 0x102a78050>
Prep: True
2025-10-30 18:17:59,704:DEBUG:certbot._internal.plugins.selection:Selected authenticator <certbot._internal.plugins.manual.Authenticator object at 0x102a78050> and installer None
2025-10-30 18:17:59,704:INFO:certbot._internal.plugins.selection:Plugins selected: Authenticator manual, Installer None
2025-10-30 18:17:59,726:DEBUG:certbot._internal.main:Picked account: <Account(RegistrationResource(body=Registration(key=None, contact=(), agreement=None, status=None, terms_of_service_agreed=None, only_return_existing=None, external_account_binding=None), uri='https://acme-v02.api.letsencrypt.org/acme/acct/2763398131', new_authzr_uri=None, terms_of_service=None), bd30b17ade03fdaf0703d6b74078032d, Meta(creation_dt=datetime.datetime(2025, 10, 31, 1, 6, 27, tzinfo=datetime.timezone.utc), creation_host='Youngs-MacBook-Pro.local', register_to_eff='credemol@gmail.com'))>
2025-10-30 18:17:59,734:DEBUG:acme.client:Sending GET request to https://acme-v02.api.letsencrypt.org/directory.
2025-10-30 18:17:59,739:DEBUG:urllib3.connectionpool:Starting new HTTPS connection (1): acme-v02.api.letsencrypt.org:443
2025-10-30 18:17:59,910:DEBUG:urllib3.connectionpool:https://acme-v02.api.letsencrypt.org:443 "GET /directory HTTP/1.1" 200 1065
2025-10-30 18:17:59,911:DEBUG:acme.client:Received response:
HTTP 200
Server: nginx
Date: Fri, 31 Oct 2025 01:17:59 GMT
Content-Type: application/json
Content-Length: 1065
Connection: keep-alive
Cache-Control: public, max-age=0, no-cache
X-Frame-Options: DENY
Strict-Transport-Security: max-age=604800

{
  "J_GzaVfZQNY": "https://community.letsencrypt.org/t/adding-random-entries-to-the-directory/33417",
  "keyChange": "https://acme-v02.api.letsencrypt.org/acme/key-change",
  "meta": {
    "caaIdentities": [
      "letsencrypt.org"
    ],
    "profiles": {
      "classic": "https://letsencrypt.org/docs/profiles#classic",
      "shortlived": "https://letsencrypt.org/docs/profiles#shortlived (not yet generally available)",
      "tlsclient": "https://letsencrypt.org/docs/profiles#tlsclient",
      "tlsserver": "https://letsencrypt.org/docs/profiles#tlsserver"
    },
    "termsOfService": "https://letsencrypt.org/documents/LE-SA-v1.5-February-24-2025.pdf",
    "website": "https://letsencrypt.org"
  },
  "newAccount": "https://acme-v02.api.letsencrypt.org/acme/new-acct",
  "newNonce": "https://acme-v02.api.letsencrypt.org/acme/new-nonce",
  "newOrder": "https://acme-v02.api.letsencrypt.org/acme/new-order",
  "renewalInfo": "https://acme-v02.api.letsencrypt.org/acme/renewal-info",
  "revokeCert": "https://acme-v02.api.letsencrypt.org/acme/revoke-cert"
}
2025-10-30 18:17:59,912:DEBUG:certbot._internal.display.obj:Notifying user: Requesting a certificate for servicefoundry.ca and *.servicefoundry.ca
2025-10-30 18:17:59,913:DEBUG:acme.client:Requesting fresh nonce
2025-10-30 18:17:59,913:DEBUG:acme.client:Sending HEAD request to https://acme-v02.api.letsencrypt.org/acme/new-nonce.
2025-10-30 18:17:59,963:DEBUG:urllib3.connectionpool:https://acme-v02.api.letsencrypt.org:443 "HEAD /acme/new-nonce HTTP/1.1" 200 0
2025-10-30 18:17:59,963:DEBUG:acme.client:Received response:
HTTP 200
Server: nginx
Date: Fri, 31 Oct 2025 01:17:59 GMT
Connection: keep-alive
Cache-Control: public, max-age=0, no-cache
Link: <https://acme-v02.api.letsencrypt.org/directory>;rel="index"
Replay-Nonce: YicTj_5n_u74_JrtMichfkNZi5RITaTxEuHXahgZDxqwTxukUjg
X-Frame-Options: DENY
Strict-Transport-Security: max-age=604800


2025-10-30 18:17:59,963:DEBUG:acme.client:Storing nonce: YicTj_5n_u74_JrtMichfkNZi5RITaTxEuHXahgZDxqwTxukUjg
2025-10-30 18:17:59,963:DEBUG:acme.client:JWS payload:
b'{\n  "identifiers": [\n    {\n      "type": "dns",\n      "value": "servicefoundry.ca"\n    },\n    {\n      "type": "dns",\n      "value": "*.servicefoundry.ca"\n    }\n  ]\n}'
2025-10-30 18:17:59,965:DEBUG:acme.client:Sending POST request to https://acme-v02.api.letsencrypt.org/acme/new-order:
{
  "protected": "eyJhbGciOiAiUlMyNTYiLCAia2lkIjogImh0dHBzOi8vYWNtZS12MDIuYXBpLmxldHNlbmNyeXB0Lm9yZy9hY21lL2FjY3QvMjc2MzM5ODEzMSIsICJub25jZSI6ICJZaWNUal81bl91NzRfSnJ0TWljaGZrTlppNVJJVGFUeEV1SFhhaGdaRHhxd1R4dWtVamciLCAidXJsIjogImh0dHBzOi8vYWNtZS12MDIuYXBpLmxldHNlbmNyeXB0Lm9yZy9hY21lL25ldy1vcmRlciJ9",
  "signature": "iklOGyPyvoffBUKHMlKI4QeeYkPotTRt2VX0XhI84ZUMZFZa_Ya_LMeECgm6LdN_cF4PCUClGW4MTzhx57YfKyrfuuUnRGUcTuQ-ZS0Z33YdfsH4_ibEPbfths8BIEhMeW52hKXHFKV9DrGNut7IGpvb-pzbPrshF6OHkE0OP-duevINhajFjFyKIBRC5VUT4kpdwms23UMjwQyhK2qglbedHm9MESUztYi5uLwBdKYmS0Axm4FizVgm0a7MD84ifOpengmJAb8EhSasEVd8jpUc-irVv3rdICFSiwyJ4oQUJKf1fRg3cXJb_S5KtPnncUrqLZ6N6scXg-7Xahx1pQ",
  "payload": "ewogICJpZGVudGlmaWVycyI6IFsKICAgIHsKICAgICAgInR5cGUiOiAiZG5zIiwKICAgICAgInZhbHVlIjogInNlcnZpY2Vmb3VuZHJ5LmNhIgogICAgfSwKICAgIHsKICAgICAgInR5cGUiOiAiZG5zIiwKICAgICAgInZhbHVlIjogIiouc2VydmljZWZvdW5kcnkuY2EiCiAgICB9CiAgXQp9"
}
2025-10-30 18:18:00,162:DEBUG:urllib3.connectionpool:https://acme-v02.api.letsencrypt.org:443 "POST /acme/new-order HTTP/1.1" 201 501
2025-10-30 18:18:00,163:DEBUG:acme.client:Received response:
HTTP 201
Server: nginx
Date: Fri, 31 Oct 2025 01:18:00 GMT
Content-Type: application/json
Content-Length: 501
Connection: keep-alive
Boulder-Requester: 2763398131
Cache-Control: public, max-age=0, no-cache
Link: <https://acme-v02.api.letsencrypt.org/directory>;rel="index"
Location: https://acme-v02.api.letsencrypt.org/acme/order/2763398131/443397682641
Replay-Nonce: pUutGg577e1VD9vi2DUF5XEBz_PZ3jmCrINSg145MeZavLTV9x0
X-Frame-Options: DENY
Strict-Transport-Security: max-age=604800

{
  "status": "pending",
  "expires": "2025-11-07T01:18:00Z",
  "identifiers": [
    {
      "type": "dns",
      "value": "*.servicefoundry.ca"
    },
    {
      "type": "dns",
      "value": "servicefoundry.ca"
    }
  ],
  "authorizations": [
    "https://acme-v02.api.letsencrypt.org/acme/authz/2763398131/605509380541",
    "https://acme-v02.api.letsencrypt.org/acme/authz/2763398131/605509380641"
  ],
  "finalize": "https://acme-v02.api.letsencrypt.org/acme/finalize/2763398131/443397682641"
}
2025-10-30 18:18:00,163:DEBUG:acme.client:Storing nonce: pUutGg577e1VD9vi2DUF5XEBz_PZ3jmCrINSg145MeZavLTV9x0
2025-10-30 18:18:00,164:DEBUG:acme.client:JWS payload:
b''
2025-10-30 18:18:00,166:DEBUG:acme.client:Sending POST request to https://acme-v02.api.letsencrypt.org/acme/authz/2763398131/605509380541:
{
  "protected": "eyJhbGciOiAiUlMyNTYiLCAia2lkIjogImh0dHBzOi8vYWNtZS12MDIuYXBpLmxldHNlbmNyeXB0Lm9yZy9hY21lL2FjY3QvMjc2MzM5ODEzMSIsICJub25jZSI6ICJwVXV0R2c1NzdlMVZEOXZpMkRVRjVYRUJ6X1BaM2ptQ3JJTlNnMTQ1TWVaYXZMVFY5eDAiLCAidXJsIjogImh0dHBzOi8vYWNtZS12MDIuYXBpLmxldHNlbmNyeXB0Lm9yZy9hY21lL2F1dGh6LzI3NjMzOTgxMzEvNjA1NTA5MzgwNTQxIn0",
  "signature": "ZBM1O6ejbVmchtbkSJ0XJlFoPa5Jj6Tye6NXo9ADmbyEOu0SRFgb7ZTQkmR1Qb3cJHzhN4vsxyLwOv_bPnslSO7mvQfgwHAIndwqTd9jW2lk0ZuelyR41RQSKM23WVAZCiuBTii0GWM0vR_sbmoRVOUOYK7xZzkPK_DevAMJs3esJZfqFMHMJaCDH_cUe2dSS5HUWeTBuz9QruB0_GZ2MPqvyaKTIwaATAFjEnmEAq_ks2wM17JGqdwzAXRnha8M3tqJHqn2KSHsWT4hDJlSf0I-SUw6LhPqXYVkGQh3r-ejMoBaI14wnFnNl5T05agZXyxshr9aPI_tRp1IjyEuRg",
  "payload": ""
}
2025-10-30 18:18:00,236:DEBUG:urllib3.connectionpool:https://acme-v02.api.letsencrypt.org:443 "POST /acme/authz/2763398131/605509380541 HTTP/1.1" 200 399
2025-10-30 18:18:00,236:DEBUG:acme.client:Received response:
HTTP 200
Server: nginx
Date: Fri, 31 Oct 2025 01:18:00 GMT
Content-Type: application/json
Content-Length: 399
Connection: keep-alive
Boulder-Requester: 2763398131
Cache-Control: public, max-age=0, no-cache
Link: <https://acme-v02.api.letsencrypt.org/directory>;rel="index"
Replay-Nonce: YicTj_5n-rZSP1ljxMldSvhfDnpbBlrHwPubPKwr6h3rRmh7wTw
X-Frame-Options: DENY
Strict-Transport-Security: max-age=604800

{
  "identifier": {
    "type": "dns",
    "value": "servicefoundry.ca"
  },
  "status": "pending",
  "expires": "2025-11-07T01:18:00Z",
  "challenges": [
    {
      "type": "dns-01",
      "url": "https://acme-v02.api.letsencrypt.org/acme/chall/2763398131/605509380541/jOEjWg",
      "status": "pending",
      "token": "Ka5JsM7zeKI5d2QpJkJ2SAVBvMDU_IhSbAz3_MKA9fI"
    }
  ],
  "wildcard": true
}
2025-10-30 18:18:00,237:DEBUG:acme.client:Storing nonce: YicTj_5n-rZSP1ljxMldSvhfDnpbBlrHwPubPKwr6h3rRmh7wTw
2025-10-30 18:18:00,237:DEBUG:acme.client:JWS payload:
b''
2025-10-30 18:18:00,238:DEBUG:acme.client:Sending POST request to https://acme-v02.api.letsencrypt.org/acme/authz/2763398131/605509380641:
{
  "protected": "eyJhbGciOiAiUlMyNTYiLCAia2lkIjogImh0dHBzOi8vYWNtZS12MDIuYXBpLmxldHNlbmNyeXB0Lm9yZy9hY21lL2FjY3QvMjc2MzM5ODEzMSIsICJub25jZSI6ICJZaWNUal81bi1yWlNQMWxqeE1sZFN2aGZEbnBiQmxySHdQdWJQS3dyNmgzclJtaDd3VHciLCAidXJsIjogImh0dHBzOi8vYWNtZS12MDIuYXBpLmxldHNlbmNyeXB0Lm9yZy9hY21lL2F1dGh6LzI3NjMzOTgxMzEvNjA1NTA5MzgwNjQxIn0",
  "signature": "HMwcNg3AGcZGKYMkpqbJjfus7aF6xyLzpGf2W05IOYoX-5wZAeLw-oQZD7_oIkkbjtbC2UV8gseAH4E5b1y0HOjeuWqmG2skZsOiZR0CjlAeuxaEee8ld8gvyfoDfrcU7wu6QBxXZP8eUC-tY3Ai9hVkiFTlocsQJ9bb0NPRBBs9sRMXtWLxLLm8QDjjNw2mL-mrsiriSa7BT9dOcUvu5cNHmttrRtaCPNtjcB2aj1GyERHgKMx0EOpHQSFEvlMCapFhHtabpX4vQetl7rDYgkcZ2eWE6SB35RYtRRkhmC5L2YKVzAh4tiV8fUkXV4CBaIPc3nBKGsLbVR2hKOrrbQ",
  "payload": ""
}
2025-10-30 18:18:00,305:DEBUG:urllib3.connectionpool:https://acme-v02.api.letsencrypt.org:443 "POST /acme/authz/2763398131/605509380641 HTTP/1.1" 200 825
2025-10-30 18:18:00,306:DEBUG:acme.client:Received response:
HTTP 200
Server: nginx
Date: Fri, 31 Oct 2025 01:18:00 GMT
Content-Type: application/json
Content-Length: 825
Connection: keep-alive
Boulder-Requester: 2763398131
Cache-Control: public, max-age=0, no-cache
Link: <https://acme-v02.api.letsencrypt.org/directory>;rel="index"
Replay-Nonce: pUutGg57oKRx_FazPMZjA6-xHevtRTB9_0u30-NXdRw7kLb9AC8
X-Frame-Options: DENY
Strict-Transport-Security: max-age=604800

{
  "identifier": {
    "type": "dns",
    "value": "servicefoundry.ca"
  },
  "status": "pending",
  "expires": "2025-11-07T01:18:00Z",
  "challenges": [
    {
      "type": "http-01",
      "url": "https://acme-v02.api.letsencrypt.org/acme/chall/2763398131/605509380641/ZGU05A",
      "status": "pending",
      "token": "eosq848ayewQ-qt2M5FsFT8IHK4eoLth8PBitizgRJg"
    },
    {
      "type": "tls-alpn-01",
      "url": "https://acme-v02.api.letsencrypt.org/acme/chall/2763398131/605509380641/MaYSuw",
      "status": "pending",
      "token": "eosq848ayewQ-qt2M5FsFT8IHK4eoLth8PBitizgRJg"
    },
    {
      "type": "dns-01",
      "url": "https://acme-v02.api.letsencrypt.org/acme/chall/2763398131/605509380641/kZtOwA",
      "status": "pending",
      "token": "eosq848ayewQ-qt2M5FsFT8IHK4eoLth8PBitizgRJg"
    }
  ]
}
2025-10-30 18:18:00,306:DEBUG:acme.client:Storing nonce: pUutGg57oKRx_FazPMZjA6-xHevtRTB9_0u30-NXdRw7kLb9AC8
2025-10-30 18:18:00,306:DEBUG:acme.challenges:tls-alpn-01 was not recognized, full message: {'type': 'tls-alpn-01', 'url': 'https://acme-v02.api.letsencrypt.org/acme/chall/2763398131/605509380641/MaYSuw', 'status': 'pending', 'token': 'eosq848ayewQ-qt2M5FsFT8IHK4eoLth8PBitizgRJg'}
2025-10-30 18:18:00,307:INFO:certbot._internal.auth_handler:Performing the following challenges:
2025-10-30 18:18:00,307:INFO:certbot._internal.auth_handler:dns-01 challenge for servicefoundry.ca
2025-10-30 18:18:00,307:INFO:certbot._internal.auth_handler:dns-01 challenge for servicefoundry.ca
2025-10-30 18:18:00,309:DEBUG:certbot._internal.display.obj:Notifying user: Please deploy a DNS TXT record under the name:

_acme-challenge.servicefoundry.ca.

with the following value:

6tkFowyqJ78MQBvjbLUJ2JdfhVDrCh1CpPaBsDkmIOI

2025-10-30 18:19:03,056:DEBUG:certbot._internal.display.obj:Notifying user: Please deploy a DNS TXT record under the name:

_acme-challenge.servicefoundry.ca.

with the following value:

LXi9Tz8blGxN5v_wfdw000CeWl6SLs3gKyEx35PxEjY

(This must be set up in addition to the previous challenges; do not remove,
replace, or undo the previous challenge tasks yet. Note that you might be
asked to create multiple distinct TXT records with the same name. This is
permitted by DNS standards.)

Before continuing, verify the TXT record has been deployed. Depending on the DNS
provider, this may take some time, from a few seconds to multiple minutes. You can
check if it has finished deploying with aid of online tools, such as the Google
Admin Toolbox: https://toolbox.googleapps.com/apps/dig/#TXT/_acme-challenge.servicefoundry.ca.
Look for one or more bolded line(s) below the line ';ANSWER'. It should show the
value(s) you've just added.

2025-10-30 18:21:05,009:DEBUG:acme.client:JWS payload:
b'{}'
2025-10-30 18:21:05,011:DEBUG:acme.client:Sending POST request to https://acme-v02.api.letsencrypt.org/acme/chall/2763398131/605509380541/jOEjWg:
{
  "protected": "eyJhbGciOiAiUlMyNTYiLCAia2lkIjogImh0dHBzOi8vYWNtZS12MDIuYXBpLmxldHNlbmNyeXB0Lm9yZy9hY21lL2FjY3QvMjc2MzM5ODEzMSIsICJub25jZSI6ICJwVXV0R2c1N29LUnhfRmF6UE1aakE2LXhIZXZ0UlRCOV8wdTMwLU5YZFJ3N2tMYjlBQzgiLCAidXJsIjogImh0dHBzOi8vYWNtZS12MDIuYXBpLmxldHNlbmNyeXB0Lm9yZy9hY21lL2NoYWxsLzI3NjMzOTgxMzEvNjA1NTA5MzgwNTQxL2pPRWpXZyJ9",
  "signature": "HbibxEGDmbg3dUh44ZSmJhGKC_GdZjYwuWTfgGXg4YI7HD4h4oA6TEJ7qBYHwqXGRK4Qngf3gBm9ZZXF2Mft9goKZPE9FoJXqN7n2cUVjKebNTJB42wUgY-ts2ke3uSSz7oxgKDOH1-tlQJU7C3G3TCWvnHY9rvyb6q0ySMekkEdwNbMvXYHAI-Y-eEB6Tspk2kFuJ-zxNAz4fgFDkRMqgitGwQjpk9rUtxDqfVAtz9eKp6wUU6dqF97GGXyXxsELgFRtxaVdNOduQ7uC5IQuarzZRLBZZQzb6wlXPXzB58xn-7IwfmBth3LDEtge5Eyu0vo9LyXIHjaq0MWJydBEg",
  "payload": "e30"
}
2025-10-30 18:21:05,070:DEBUG:urllib3.connectionpool:https://acme-v02.api.letsencrypt.org:443 "POST /acme/chall/2763398131/605509380541/jOEjWg HTTP/1.1" 200 194
2025-10-30 18:21:05,071:DEBUG:acme.client:Received response:
HTTP 200
Server: nginx
Date: Fri, 31 Oct 2025 01:21:05 GMT
Content-Type: application/json
Content-Length: 194
Connection: keep-alive
Boulder-Requester: 2763398131
Cache-Control: public, max-age=0, no-cache
Link: <https://acme-v02.api.letsencrypt.org/directory>;rel="index", <https://acme-v02.api.letsencrypt.org/acme/authz/2763398131/605509380541>;rel="up"
Location: https://acme-v02.api.letsencrypt.org/acme/chall/2763398131/605509380541/jOEjWg
Replay-Nonce: YicTj_5nXmkH_VbsOSlWQpHcoOs8Ki6cKefQ005xnnbVyMi7ry0
X-Frame-Options: DENY
Strict-Transport-Security: max-age=604800

{
  "type": "dns-01",
  "url": "https://acme-v02.api.letsencrypt.org/acme/chall/2763398131/605509380541/jOEjWg",
  "status": "pending",
  "token": "Ka5JsM7zeKI5d2QpJkJ2SAVBvMDU_IhSbAz3_MKA9fI"
}
2025-10-30 18:21:05,071:DEBUG:acme.client:Storing nonce: YicTj_5nXmkH_VbsOSlWQpHcoOs8Ki6cKefQ005xnnbVyMi7ry0
2025-10-30 18:21:05,072:DEBUG:acme.client:JWS payload:
b'{}'
2025-10-30 18:21:05,074:DEBUG:acme.client:Sending POST request to https://acme-v02.api.letsencrypt.org/acme/chall/2763398131/605509380641/kZtOwA:
{
  "protected": "eyJhbGciOiAiUlMyNTYiLCAia2lkIjogImh0dHBzOi8vYWNtZS12MDIuYXBpLmxldHNlbmNyeXB0Lm9yZy9hY21lL2FjY3QvMjc2MzM5ODEzMSIsICJub25jZSI6ICJZaWNUal81blhta0hfVmJzT1NsV1FwSGNvT3M4S2k2Y0tlZlEwMDV4bm5iVnlNaTdyeTAiLCAidXJsIjogImh0dHBzOi8vYWNtZS12MDIuYXBpLmxldHNlbmNyeXB0Lm9yZy9hY21lL2NoYWxsLzI3NjMzOTgxMzEvNjA1NTA5MzgwNjQxL2tadE93QSJ9",
  "signature": "NHUiCK3UBVrK3a-JyoXD3HySGR0Jnx_gdn04pPftTNLvgdmNND4JAR5TkkP5WJdtt72x60YyUj4e56EclWBMTLOwyEvMiQRYpHGqjEzHW686AJVlJ9IErmtdNWW0G4a--Qffrxk0LQyoeoqwH0Hay_E6XywEBDLgoNWOBovVS_z6dRX3Mz7spAEf5UTQhmDmr_fbEDooqz-d5zGT60rLGkduLahWU1aAjaMy296Rs7ph1DA_TyEtFbeJO_4NywMmMtkea7q-DieMJQWMJdT1QGgCShodJ0IgH1-7D6ax_alRl7klvmdiEu1rLSnsNh5criw21S_koMrh05iMgmKi_g",
  "payload": "e30"
}
2025-10-30 18:21:05,134:DEBUG:urllib3.connectionpool:https://acme-v02.api.letsencrypt.org:443 "POST /acme/chall/2763398131/605509380641/kZtOwA HTTP/1.1" 200 194
2025-10-30 18:21:05,134:DEBUG:acme.client:Received response:
HTTP 200
Server: nginx
Date: Fri, 31 Oct 2025 01:21:05 GMT
Content-Type: application/json
Content-Length: 194
Connection: keep-alive
Boulder-Requester: 2763398131
Cache-Control: public, max-age=0, no-cache
Link: <https://acme-v02.api.letsencrypt.org/directory>;rel="index", <https://acme-v02.api.letsencrypt.org/acme/authz/2763398131/605509380641>;rel="up"
Location: https://acme-v02.api.letsencrypt.org/acme/chall/2763398131/605509380641/kZtOwA
Replay-Nonce: pUutGg576j2ts8dhdHwlzFIEaJ1uQfwqeaJ4EZjAZmPlQGrNAOk
X-Frame-Options: DENY
Strict-Transport-Security: max-age=604800

{
  "type": "dns-01",
  "url": "https://acme-v02.api.letsencrypt.org/acme/chall/2763398131/605509380641/kZtOwA",
  "status": "pending",
  "token": "eosq848ayewQ-qt2M5FsFT8IHK4eoLth8PBitizgRJg"
}
2025-10-30 18:21:05,135:DEBUG:acme.client:Storing nonce: pUutGg576j2ts8dhdHwlzFIEaJ1uQfwqeaJ4EZjAZmPlQGrNAOk
2025-10-30 18:21:05,135:INFO:certbot._internal.auth_handler:Waiting for verification...
2025-10-30 18:21:06,137:DEBUG:acme.client:JWS payload:
b''
2025-10-30 18:21:06,139:DEBUG:acme.client:Sending POST request to https://acme-v02.api.letsencrypt.org/acme/authz/2763398131/605509380541:
{
  "protected": "eyJhbGciOiAiUlMyNTYiLCAia2lkIjogImh0dHBzOi8vYWNtZS12MDIuYXBpLmxldHNlbmNyeXB0Lm9yZy9hY21lL2FjY3QvMjc2MzM5ODEzMSIsICJub25jZSI6ICJwVXV0R2c1NzZqMnRzOGRoZEh3bHpGSUVhSjF1UWZ3cWVhSjRFWmpBWm1QbFFHck5BT2siLCAidXJsIjogImh0dHBzOi8vYWNtZS12MDIuYXBpLmxldHNlbmNyeXB0Lm9yZy9hY21lL2F1dGh6LzI3NjMzOTgxMzEvNjA1NTA5MzgwNTQxIn0",
  "signature": "LZHqXsCEiLV7ZtI99wn0QgCv1F4pr_LCCfAGwooGuUyICBf6AApdlrhpiyZR2w4ZV-uSP3U0rTAiwyEOtLqDyt3jkNporvCkjXNnYrDyKkGjkSsK8R1Mc_EGyTLsXzpxtkh3sFd_vquEewPGDVF62Dy7mN9mhETQCr3_6VvKRMgkPG0wFVdARs1OUnlwsmVb5FbGu-zaci9SfPWWVJXn8U2-JEHMQky1hHT1l9_FLO93fq1PBd7wQ4wNq3bzrpZbqncOkNGuYkAXz3CS0PpN_i8ZWhAyXTDuFJ6L7Jz_E9-RQvdaKgnRYFqqYW0rSGtPMV1BqHC15FvTcuyMLWShqg",
  "payload": ""
}
2025-10-30 18:21:06,196:DEBUG:urllib3.connectionpool:https://acme-v02.api.letsencrypt.org:443 "POST /acme/authz/2763398131/605509380541 HTTP/1.1" 200 566
2025-10-30 18:21:06,197:DEBUG:acme.client:Received response:
HTTP 200
Server: nginx
Date: Fri, 31 Oct 2025 01:21:06 GMT
Content-Type: application/json
Content-Length: 566
Connection: keep-alive
Boulder-Requester: 2763398131
Cache-Control: public, max-age=0, no-cache
Link: <https://acme-v02.api.letsencrypt.org/directory>;rel="index"
Replay-Nonce: YicTj_5nfDCYCMsfd7PTucb6HAnONTmx8Se_yGnZRnSqU62Lzp0
X-Frame-Options: DENY
Strict-Transport-Security: max-age=604800

{
  "identifier": {
    "type": "dns",
    "value": "servicefoundry.ca"
  },
  "status": "valid",
  "expires": "2025-11-30T01:21:05Z",
  "challenges": [
    {
      "type": "dns-01",
      "url": "https://acme-v02.api.letsencrypt.org/acme/chall/2763398131/605509380541/jOEjWg",
      "status": "valid",
      "validated": "2025-10-31T01:21:05Z",
      "token": "Ka5JsM7zeKI5d2QpJkJ2SAVBvMDU_IhSbAz3_MKA9fI",
      "validationRecord": [
        {
          "hostname": "servicefoundry.ca",
          "addressUsed": ""
        }
      ]
    }
  ],
  "wildcard": true
}
2025-10-30 18:21:06,197:DEBUG:acme.client:Storing nonce: YicTj_5nfDCYCMsfd7PTucb6HAnONTmx8Se_yGnZRnSqU62Lzp0
2025-10-30 18:21:06,197:DEBUG:acme.client:JWS payload:
b''
2025-10-30 18:21:06,200:DEBUG:acme.client:Sending POST request to https://acme-v02.api.letsencrypt.org/acme/authz/2763398131/605509380641:
{
  "protected": "eyJhbGciOiAiUlMyNTYiLCAia2lkIjogImh0dHBzOi8vYWNtZS12MDIuYXBpLmxldHNlbmNyeXB0Lm9yZy9hY21lL2FjY3QvMjc2MzM5ODEzMSIsICJub25jZSI6ICJZaWNUal81bmZEQ1lDTXNmZDdQVHVjYjZIQW5PTlRteDhTZV95R25aUm5TcVU2Mkx6cDAiLCAidXJsIjogImh0dHBzOi8vYWNtZS12MDIuYXBpLmxldHNlbmNyeXB0Lm9yZy9hY21lL2F1dGh6LzI3NjMzOTgxMzEvNjA1NTA5MzgwNjQxIn0",
  "signature": "h_MMh87wnog-Jk5xh_-_Ntmg-3RAe1EIHDsn76DVuVXaJcScRjOgicYXrPfNJBLwxjO3C8Zpg-urCyPYzqZ6UbiqJjkQBiiS3IJ1_2M1BLplf_2mSF6UYMxVi_fm5kcUBaV6T8EBSUmN5OnDInJbfLTC3h8dWiQW3xqr1JluDgVHznUy-cFhyjt5CfST_9zSLnz3-BG7FUy_1aNHBKiNMh-ZpNUmvlrUbudROjn_CVNB9lJQginCeBjJ8pjlPFy2ZqDixK9xJrmwDEqmhKInCYLXArD0j-zZCMOQKMW1QjiPJZIjDC91ScJtygFNkrxlACe6EAMez82Dd6R_uo9Dyw",
  "payload": ""
}
2025-10-30 18:21:06,344:DEBUG:urllib3.connectionpool:https://acme-v02.api.letsencrypt.org:443 "POST /acme/authz/2763398131/605509380641 HTTP/1.1" 200 546
2025-10-30 18:21:06,344:DEBUG:acme.client:Received response:
HTTP 200
Server: nginx
Date: Fri, 31 Oct 2025 01:21:06 GMT
Content-Type: application/json
Content-Length: 546
Connection: keep-alive
Boulder-Requester: 2763398131
Cache-Control: public, max-age=0, no-cache
Link: <https://acme-v02.api.letsencrypt.org/directory>;rel="index"
Replay-Nonce: YicTj_5nboyZzUPxHXgnEldY-Z_yYqTh17wP518SWVMUtVf1AaY
X-Frame-Options: DENY
Strict-Transport-Security: max-age=604800

{
  "identifier": {
    "type": "dns",
    "value": "servicefoundry.ca"
  },
  "status": "valid",
  "expires": "2025-11-30T01:21:05Z",
  "challenges": [
    {
      "type": "dns-01",
      "url": "https://acme-v02.api.letsencrypt.org/acme/chall/2763398131/605509380641/kZtOwA",
      "status": "valid",
      "validated": "2025-10-31T01:21:05Z",
      "token": "eosq848ayewQ-qt2M5FsFT8IHK4eoLth8PBitizgRJg",
      "validationRecord": [
        {
          "hostname": "servicefoundry.ca",
          "addressUsed": ""
        }
      ]
    }
  ]
}
2025-10-30 18:21:06,345:DEBUG:acme.client:Storing nonce: YicTj_5nboyZzUPxHXgnEldY-Z_yYqTh17wP518SWVMUtVf1AaY
2025-10-30 18:21:06,345:DEBUG:certbot._internal.error_handler:Calling registered functions
2025-10-30 18:21:06,345:INFO:certbot._internal.auth_handler:Cleaning up challenges
2025-10-30 18:21:06,345:DEBUG:certbot._internal.client:CSR: CSR(file=None, data=b'-----BEGIN CERTIFICATE REQUEST-----\nMIIBADCBpgIBADAAMFkwEwYHKoZIzj0CAQYIKoZIzj0DAQcDQgAEdxYhjovpAS7P\nXSPN1PxYLS4CP9WPmEP0Lq2s/wf9ixbli15MBR0q0LPJs6c2hbr3QUaUlVHJLUlZ\ngWo7wcejVqBEMEIGCSqGSIb3DQEJDjE1MDMwMQYDVR0RBCowKIIRc2VydmljZWZv\ndW5kcnkuY2GCEyouc2VydmljZWZvdW5kcnkuY2EwCgYIKoZIzj0EAwIDSQAwRgIh\nALePiZE5J3pG5WNBlWy+dwY38gIE691tJ2TwSeCP6ycyAiEAyhO+nnD5QJezJSqx\nLOatgDZcAl7g5o4jO2JewxFHHXw=\n-----END CERTIFICATE REQUEST-----\n', form='pem')
2025-10-30 18:21:06,346:DEBUG:certbot._internal.client:Will poll for certificate issuance until 2025-10-30 18:22:36.346732
2025-10-30 18:21:06,347:DEBUG:acme.client:JWS payload:
b'{\n  "csr": "MIIBADCBpgIBADAAMFkwEwYHKoZIzj0CAQYIKoZIzj0DAQcDQgAEdxYhjovpAS7PXSPN1PxYLS4CP9WPmEP0Lq2s_wf9ixbli15MBR0q0LPJs6c2hbr3QUaUlVHJLUlZgWo7wcejVqBEMEIGCSqGSIb3DQEJDjE1MDMwMQYDVR0RBCowKIIRc2VydmljZWZvdW5kcnkuY2GCEyouc2VydmljZWZvdW5kcnkuY2EwCgYIKoZIzj0EAwIDSQAwRgIhALePiZE5J3pG5WNBlWy-dwY38gIE691tJ2TwSeCP6ycyAiEAyhO-nnD5QJezJSqxLOatgDZcAl7g5o4jO2JewxFHHXw"\n}'
2025-10-30 18:21:06,348:DEBUG:acme.client:Sending POST request to https://acme-v02.api.letsencrypt.org/acme/finalize/2763398131/443397682641:
{
  "protected": "eyJhbGciOiAiUlMyNTYiLCAia2lkIjogImh0dHBzOi8vYWNtZS12MDIuYXBpLmxldHNlbmNyeXB0Lm9yZy9hY21lL2FjY3QvMjc2MzM5ODEzMSIsICJub25jZSI6ICJZaWNUal81bmJveVp6VVB4SFhnbkVsZFktWl95WXFUaDE3d1A1MThTV1ZNVXRWZjFBYVkiLCAidXJsIjogImh0dHBzOi8vYWNtZS12MDIuYXBpLmxldHNlbmNyeXB0Lm9yZy9hY21lL2ZpbmFsaXplLzI3NjMzOTgxMzEvNDQzMzk3NjgyNjQxIn0",
  "signature": "Vrssx3RQQgOzhmnHwi2zCijdPIoNQA7GuEuWSdnM6LVJHe-kXZ8LeXA-4YXqB4DvyoI40bvH02eTJkUQ1LH3eb_Ha0F6JtL2gg8nMV8T3HaKPBbwBegvHBNWT-UKF-9czY7jOkO68dZDFu5LQ5onb9OR74d2taONVwquoM2pT-tPWfyP27yiF-8Bitwng2TDAqOimj5R6EB7wowJNzoxLIgQ_maxx2PPfF2GMkeS5wH3zI6_XxfYz7_SqMu0EUDHx_ffPRrb2KN4o2hKf9CeTGyzXieIw2aFoJvSDeBrNVRg_KyzTU1QKWkBSKn28NjI6i6KwdeMC7Ypr9-v_uH3lw",
  "payload": "ewogICJjc3IiOiAiTUlJQkFEQ0JwZ0lCQURBQU1Ga3dFd1lIS29aSXpqMENBUVlJS29aSXpqMERBUWNEUWdBRWR4WWhqb3ZwQVM3UFhTUE4xUHhZTFM0Q1A5V1BtRVAwTHEyc193ZjlpeGJsaTE1TUJSMHEwTFBKczZjMmhicjNRVWFVbFZISkxVbFpnV283d2NlalZxQkVNRUlHQ1NxR1NJYjNEUUVKRGpFMU1ETXdNUVlEVlIwUkJDb3dLSUlSYzJWeWRtbGpaV1p2ZFc1a2Nua3VZMkdDRXlvdWMyVnlkbWxqWldadmRXNWtjbmt1WTJFd0NnWUlLb1pJemowRUF3SURTUUF3UmdJaEFMZVBpWkU1SjNwRzVXTkJsV3ktZHdZMzhnSUU2OTF0SjJUd1NlQ1A2eWN5QWlFQXloTy1ubkQ1UUplekpTcXhMT2F0Z0RaY0FsN2c1bzRqTzJKZXd4RkhIWHciCn0"
}
2025-10-30 18:21:07,009:DEBUG:urllib3.connectionpool:https://acme-v02.api.letsencrypt.org:443 "POST /acme/finalize/2763398131/443397682641 HTTP/1.1" 200 603
2025-10-30 18:21:07,010:DEBUG:acme.client:Received response:
HTTP 200
Server: nginx
Date: Fri, 31 Oct 2025 01:21:07 GMT
Content-Type: application/json
Content-Length: 603
Connection: keep-alive
Boulder-Requester: 2763398131
Cache-Control: public, max-age=0, no-cache
Link: <https://acme-v02.api.letsencrypt.org/directory>;rel="index"
Location: https://acme-v02.api.letsencrypt.org/acme/order/2763398131/443397682641
Replay-Nonce: pUutGg57tjECqSegcJ7xrDL10tS-iHX1pfI3nZQHyDpt09q6o_E
X-Frame-Options: DENY
Strict-Transport-Security: max-age=604800

{
  "status": "valid",
  "expires": "2025-11-07T01:18:00Z",
  "identifiers": [
    {
      "type": "dns",
      "value": "*.servicefoundry.ca"
    },
    {
      "type": "dns",
      "value": "servicefoundry.ca"
    }
  ],
  "authorizations": [
    "https://acme-v02.api.letsencrypt.org/acme/authz/2763398131/605509380541",
    "https://acme-v02.api.letsencrypt.org/acme/authz/2763398131/605509380641"
  ],
  "finalize": "https://acme-v02.api.letsencrypt.org/acme/finalize/2763398131/443397682641",
  "certificate": "https://acme-v02.api.letsencrypt.org/acme/cert/0576105e09d93dc4d0cb789188621c406ef8"
}
2025-10-30 18:21:07,010:DEBUG:acme.client:Storing nonce: pUutGg57tjECqSegcJ7xrDL10tS-iHX1pfI3nZQHyDpt09q6o_E
2025-10-30 18:21:08,016:DEBUG:acme.client:JWS payload:
b''
2025-10-30 18:21:08,017:DEBUG:acme.client:Sending POST request to https://acme-v02.api.letsencrypt.org/acme/order/2763398131/443397682641:
{
  "protected": "eyJhbGciOiAiUlMyNTYiLCAia2lkIjogImh0dHBzOi8vYWNtZS12MDIuYXBpLmxldHNlbmNyeXB0Lm9yZy9hY21lL2FjY3QvMjc2MzM5ODEzMSIsICJub25jZSI6ICJwVXV0R2c1N3RqRUNxU2VnY0o3eHJETDEwdFMtaUhYMXBmSTNuWlFIeURwdDA5cTZvX0UiLCAidXJsIjogImh0dHBzOi8vYWNtZS12MDIuYXBpLmxldHNlbmNyeXB0Lm9yZy9hY21lL29yZGVyLzI3NjMzOTgxMzEvNDQzMzk3NjgyNjQxIn0",
  "signature": "Bo-5LqPbQJO_yGnXrw-zrt6WKjK9qc5AcBMBNEzJaJhC0CweP3J0gDNi8tIIVqALbNr4ExptC2QQjz2pQhqezg5RgchnRURst29DFyqGXNNr8EJWtjF49mJjL_XplRvdbwoQMHLFlhICfoxkgitmdrgSF1soMI-78Ek-O3KS6LMMvnO6j4SGZpexWgiP5Uua2DiIHJLJ1IBC00dnJWG_YBOq-HCY69y37xl7r6ZD_CI1xL5Im_a6PgcdEDjQ3jwTzth39PJ-4pa-6CDJhSuX0pR5IBiu__FAktR7qzihcuLjk1ImknIkBNG-Mu_fLmvNggS4mqz1WXTGAqxowwlMGw",
  "payload": ""
}
2025-10-30 18:21:08,072:DEBUG:urllib3.connectionpool:https://acme-v02.api.letsencrypt.org:443 "POST /acme/order/2763398131/443397682641 HTTP/1.1" 200 603
2025-10-30 18:21:08,073:DEBUG:acme.client:Received response:
HTTP 200
Server: nginx
Date: Fri, 31 Oct 2025 01:21:08 GMT
Content-Type: application/json
Content-Length: 603
Connection: keep-alive
Cache-Control: public, max-age=0, no-cache
Link: <https://acme-v02.api.letsencrypt.org/directory>;rel="index"
Location: https://acme-v02.api.letsencrypt.org/acme/order/2763398131/443397682641
Replay-Nonce: pUutGg57LbBfaybjIRVahIgmXfbtndpwLPtG1vppjqBuxOc9RdY
X-Frame-Options: DENY
Strict-Transport-Security: max-age=604800

{
  "status": "valid",
  "expires": "2025-11-07T01:18:00Z",
  "identifiers": [
    {
      "type": "dns",
      "value": "*.servicefoundry.ca"
    },
    {
      "type": "dns",
      "value": "servicefoundry.ca"
    }
  ],
  "authorizations": [
    "https://acme-v02.api.letsencrypt.org/acme/authz/2763398131/605509380541",
    "https://acme-v02.api.letsencrypt.org/acme/authz/2763398131/605509380641"
  ],
  "finalize": "https://acme-v02.api.letsencrypt.org/acme/finalize/2763398131/443397682641",
  "certificate": "https://acme-v02.api.letsencrypt.org/acme/cert/0576105e09d93dc4d0cb789188621c406ef8"
}
2025-10-30 18:21:08,074:DEBUG:acme.client:Storing nonce: pUutGg57LbBfaybjIRVahIgmXfbtndpwLPtG1vppjqBuxOc9RdY
2025-10-30 18:21:08,074:DEBUG:acme.client:JWS payload:
b''
2025-10-30 18:21:08,076:DEBUG:acme.client:Sending POST request to https://acme-v02.api.letsencrypt.org/acme/cert/0576105e09d93dc4d0cb789188621c406ef8:
{
  "protected": "eyJhbGciOiAiUlMyNTYiLCAia2lkIjogImh0dHBzOi8vYWNtZS12MDIuYXBpLmxldHNlbmNyeXB0Lm9yZy9hY21lL2FjY3QvMjc2MzM5ODEzMSIsICJub25jZSI6ICJwVXV0R2c1N0xiQmZheWJqSVJWYWhJZ21YZmJ0bmRwd0xQdEcxdnBwanFCdXhPYzlSZFkiLCAidXJsIjogImh0dHBzOi8vYWNtZS12MDIuYXBpLmxldHNlbmNyeXB0Lm9yZy9hY21lL2NlcnQvMDU3NjEwNWUwOWQ5M2RjNGQwY2I3ODkxODg2MjFjNDA2ZWY4In0",
  "signature": "TDGPRz9Lbhp6iUUW4G4jDfQb6MDryHq3cz5tk2c_oPK4tNJiwXTYvMQjPbiP581ePJOh8T5JxyAMTnkI_Gq9cRWYLCP9U9n6sGxd72Gob2o9Duiey1Ux8srO3SM7RlmoWF0b7Upvj16fPpAQ1z_li5SpvltdOuBPWiqGE-gao1cxAB3yxuD6IQHvtvxj5DbdU8Wgd-LeGnohjUYKeP9o-a_P7-9Mn7QZJALeSyevt9oguPxIkT_kmt641jIZHLNz-1E9CassjCEKprvqGg05HNKtKsAkCkxaAoP4n3kvaXYt2Tr66CSy_4G_A0AZNjNJDwHKmKq_G6tlz3a_cYCKJQ",
  "payload": ""
}
2025-10-30 18:21:08,136:DEBUG:urllib3.connectionpool:https://acme-v02.api.letsencrypt.org:443 "POST /acme/cert/0576105e09d93dc4d0cb789188621c406ef8 HTTP/1.1" 200 2893
2025-10-30 18:21:08,136:DEBUG:acme.client:Received response:
HTTP 200
Server: nginx
Date: Fri, 31 Oct 2025 01:21:08 GMT
Content-Type: application/pem-certificate-chain
Content-Length: 2893
Connection: keep-alive
Cache-Control: public, max-age=0, no-cache
Link: <https://acme-v02.api.letsencrypt.org/directory>;rel="index", <https://acme-v02.api.letsencrypt.org/acme/cert/0576105e09d93dc4d0cb789188621c406ef8/1>;rel="alternate"
Replay-Nonce: YicTj_5nEPepefyRYMsP0oVMdoCywtOnMEns65tLj4Gg-6vlp1Y
X-Frame-Options: DENY
Strict-Transport-Security: max-age=604800

-----BEGIN CERTIFICATE-----
MIIDpjCCAyygAwIBAgISBXYQXgnZPcTQy3iRiGIcQG74MAoGCCqGSM49BAMDMDIx
CzAJBgNVBAYTAlVTMRYwFAYDVQQKEw1MZXQncyBFbmNyeXB0MQswCQYDVQQDEwJF
NzAeFw0yNTEwMzEwMDIyMzZaFw0yNjAxMjkwMDIyMzVaMBwxGjAYBgNVBAMTEXNl
cnZpY2Vmb3VuZHJ5LmNhMFkwEwYHKoZIzj0CAQYIKoZIzj0DAQcDQgAEdxYhjovp
AS7PXSPN1PxYLS4CP9WPmEP0Lq2s/wf9ixbli15MBR0q0LPJs6c2hbr3QUaUlVHJ
LUlZgWo7wcejVqOCAjYwggIyMA4GA1UdDwEB/wQEAwIHgDAdBgNVHSUEFjAUBggr
BgEFBQcDAQYIKwYBBQUHAwIwDAYDVR0TAQH/BAIwADAdBgNVHQ4EFgQUzn2CHN/4
RL2GiXwQrG67K1Jxdx8wHwYDVR0jBBgwFoAUrkie3IcdRKBv2qLlYHQEeMKcAIAw
MgYIKwYBBQUHAQEEJjAkMCIGCCsGAQUFBzAChhZodHRwOi8vZTcuaS5sZW5jci5v
cmcvMDEGA1UdEQQqMCiCEyouc2VydmljZWZvdW5kcnkuY2GCEXNlcnZpY2Vmb3Vu
ZHJ5LmNhMBMGA1UdIAQMMAowCAYGZ4EMAQIBMC4GA1UdHwQnMCUwI6AhoB+GHWh0
dHA6Ly9lNy5jLmxlbmNyLm9yZy8xMjEuY3JsMIIBBQYKKwYBBAHWeQIEAgSB9gSB
8wDxAHcAGYbUxyiqb/66A294Kk0BkarOLXIxD67OXXBBLSVMx9QAAAGaN9qi2wAA
BAMASDBGAiEAi62nmcP+2guej580o/yBbMPIbNGoMbuROr3PrEAislkCIQCb0OHs
Sjn01e4+Nsz0jid/I6D0m/Q3697lwy7BrwqyPAB2AMs49xWJfIShRF9bwd37yW7y
mlnNRwppBYWwyxTDFFjnAAABmjfaougAAAQDAEcwRQIgXX0ljKpfjIC205t8E8cu
RF2LTuRytZB3TpzUqp/rEkoCIQDO3N7fY318hWNKcOZIKZ+/O7GSskAHtLAMjEah
hZ8AVTAKBggqhkjOPQQDAwNoADBlAjBBYGrLCJzcy2vhTvV3U/yX6ViDxf/rXQPm
MtQqm37F22FLXfDSIaaCHR7X62YHnaECMQCcQv45CjBEDCNh5ZRtxWOwZ6rFTOEB
ghFkUBvF3xguzps7es3dKZ7EwHPiF474PpU=
-----END CERTIFICATE-----

-----BEGIN CERTIFICATE-----
MIIEVzCCAj+gAwIBAgIRAKp18eYrjwoiCWbTi7/UuqEwDQYJKoZIhvcNAQELBQAw
TzELMAkGA1UEBhMCVVMxKTAnBgNVBAoTIEludGVybmV0IFNlY3VyaXR5IFJlc2Vh
cmNoIEdyb3VwMRUwEwYDVQQDEwxJU1JHIFJvb3QgWDEwHhcNMjQwMzEzMDAwMDAw
WhcNMjcwMzEyMjM1OTU5WjAyMQswCQYDVQQGEwJVUzEWMBQGA1UEChMNTGV0J3Mg
RW5jcnlwdDELMAkGA1UEAxMCRTcwdjAQBgcqhkjOPQIBBgUrgQQAIgNiAARB6AST
CFh/vjcwDMCgQer+VtqEkz7JANurZxLP+U9TCeioL6sp5Z8VRvRbYk4P1INBmbef
QHJFHCxcSjKmwtvGBWpl/9ra8HW0QDsUaJW2qOJqceJ0ZVFT3hbUHifBM/2jgfgw
gfUwDgYDVR0PAQH/BAQDAgGGMB0GA1UdJQQWMBQGCCsGAQUFBwMCBggrBgEFBQcD
ATASBgNVHRMBAf8ECDAGAQH/AgEAMB0GA1UdDgQWBBSuSJ7chx1EoG/aouVgdAR4
wpwAgDAfBgNVHSMEGDAWgBR5tFnme7bl5AFzgAiIyBpY9umbbjAyBggrBgEFBQcB
AQQmMCQwIgYIKwYBBQUHMAKGFmh0dHA6Ly94MS5pLmxlbmNyLm9yZy8wEwYDVR0g
BAwwCjAIBgZngQwBAgEwJwYDVR0fBCAwHjAcoBqgGIYWaHR0cDovL3gxLmMubGVu
Y3Iub3JnLzANBgkqhkiG9w0BAQsFAAOCAgEAjx66fDdLk5ywFn3CzA1w1qfylHUD
aEf0QZpXcJseddJGSfbUUOvbNR9N/QQ16K1lXl4VFyhmGXDT5Kdfcr0RvIIVrNxF
h4lqHtRRCP6RBRstqbZ2zURgqakn/Xip0iaQL0IdfHBZr396FgknniRYFckKORPG
yM3QKnd66gtMst8I5nkRQlAg/Jb+Gc3egIvuGKWboE1G89NTsN9LTDD3PLj0dUMr
OIuqVjLB8pEC6yk9enrlrqjXQgkLEYhXzq7dLafv5Vkig6Gl0nuuqjqfp0Q1bi1o
yVNAlXe6aUXw92CcghC9bNsKEO1+M52YY5+ofIXlS/SEQbvVYYBLZ5yeiglV6t3S
M6H+vTG0aP9YHzLn/KVOHzGQfXDP7qM5tkf+7diZe7o2fw6O7IvN6fsQXEQQj8TJ
UXJxv2/uJhcuy/tSDgXwHM8Uk34WNbRT7zGTGkQRX0gsbjAea/jYAoWv0ZvQRwpq
Pe79D/i7Cep8qWnA+7AE/3B3S/3dEEYmc0lpe1366A/6GEgk3ktr9PEoQrLChs6I
tu3wnNLB2euC8IKGLQFpGtOO/2/hiAKjyajaBP25w1jF0Wl8Bbqne3uZ2q1GyPFJ
YRmT7/OXpmOH/FVLtwS+8ng1cAmpCujPwteJZNcDG0sF2n/sc0+SQf49fdyUK0ty
+VUwFj9tmWxyR/M=
-----END CERTIFICATE-----

2025-10-30 18:21:08,137:DEBUG:acme.client:Storing nonce: YicTj_5nEPepefyRYMsP0oVMdoCywtOnMEns65tLj4Gg-6vlp1Y
2025-10-30 18:21:08,138:INFO:certbot._internal.client:Non-standard path(s), might not work with crontab installed by your operating system package manager
2025-10-30 18:21:08,139:DEBUG:certbot._internal.storage:Creating directory /Users/young/Dev/alexamy/service-foundry/documents/sso-foundry/self-signed-certificate/archive.
2025-10-30 18:21:08,139:DEBUG:certbot._internal.storage:Creating directory /Users/young/Dev/alexamy/service-foundry/documents/sso-foundry/self-signed-certificate/live.
2025-10-30 18:21:08,141:DEBUG:certbot._internal.storage:Writing README to /Users/young/Dev/alexamy/service-foundry/documents/sso-foundry/self-signed-certificate/live/README.
2025-10-30 18:21:08,142:DEBUG:certbot._internal.storage:Creating directory /Users/young/Dev/alexamy/service-foundry/documents/sso-foundry/self-signed-certificate/archive/servicefoundry.ca.
2025-10-30 18:21:08,142:DEBUG:certbot._internal.storage:Creating directory /Users/young/Dev/alexamy/service-foundry/documents/sso-foundry/self-signed-certificate/live/servicefoundry.ca.
2025-10-30 18:21:08,143:DEBUG:certbot._internal.storage:Writing certificate to /Users/young/Dev/alexamy/service-foundry/documents/sso-foundry/self-signed-certificate/live/servicefoundry.ca/cert.pem.
2025-10-30 18:21:08,144:DEBUG:certbot._internal.storage:Writing private key to /Users/young/Dev/alexamy/service-foundry/documents/sso-foundry/self-signed-certificate/live/servicefoundry.ca/privkey.pem.
2025-10-30 18:21:08,144:DEBUG:certbot._internal.storage:Writing chain to /Users/young/Dev/alexamy/service-foundry/documents/sso-foundry/self-signed-certificate/live/servicefoundry.ca/chain.pem.
2025-10-30 18:21:08,145:DEBUG:certbot._internal.storage:Writing full chain to /Users/young/Dev/alexamy/service-foundry/documents/sso-foundry/self-signed-certificate/live/servicefoundry.ca/fullchain.pem.
2025-10-30 18:21:08,145:DEBUG:certbot._internal.storage:Writing README to /Users/young/Dev/alexamy/service-foundry/documents/sso-foundry/self-signed-certificate/live/servicefoundry.ca/README.
2025-10-30 18:21:08,153:DEBUG:certbot.configuration:Var account=bd30b17ade03fdaf0703d6b74078032d (set by user).
2025-10-30 18:21:08,153:DEBUG:certbot.configuration:Var pref_challs=['dns-01'] (set by user).
2025-10-30 18:21:08,154:DEBUG:certbot.configuration:Var config_dir=/Users/young/Dev/alexamy/service-foundry/documents/sso-foundry/self-signed-certificate (set by user).
2025-10-30 18:21:08,154:DEBUG:certbot.configuration:Var work_dir=/Users/young/Dev/alexamy/service-foundry/documents/sso-foundry/self-signed-certificate (set by user).
2025-10-30 18:21:08,154:DEBUG:certbot.configuration:Var logs_dir=/Users/young/Dev/alexamy/service-foundry/documents/sso-foundry/self-signed-certificate (set by user).
2025-10-30 18:21:08,154:DEBUG:certbot._internal.plugins.selection:Requested authenticator manual and installer None
2025-10-30 18:21:08,154:DEBUG:certbot._internal.plugins.selection:Requested authenticator manual and installer None
2025-10-30 18:21:08,155:DEBUG:certbot._internal.display.obj:Notifying user: 
Successfully received certificate.
Certificate is saved at: /Users/young/Dev/alexamy/service-foundry/documents/sso-foundry/self-signed-certificate/live/servicefoundry.ca/fullchain.pem
Key is saved at:         /Users/young/Dev/alexamy/service-foundry/documents/sso-foundry/self-signed-certificate/live/servicefoundry.ca/privkey.pem
This certificate expires on 2026-01-29.
These files will be updated when the certificate renews.
2025-10-30 18:21:08,156:DEBUG:certbot._internal.display.obj:Notifying user: NEXT STEPS:
2025-10-30 18:21:08,156:DEBUG:certbot._internal.display.obj:Notifying user: - This certificate will not be renewed automatically. Autorenewal of --manual certificates requires the use of an authentication hook script (--manual-auth-hook) but one was not provided. To renew this certificate, repeat this same certbot command before the certificate's expiry date.
2025-10-30 18:21:08,156:INFO:certbot._internal.eff:Subscribe to the EFF mailing list (email: credemol@gmail.com).
2025-10-30 18:21:08,156:DEBUG:certbot._internal.eff:Sending POST request to https://supporters.eff.org/subscribe/certbot:
{'data_type': 'json', 'email': 'credemol@gmail.com', 'form_id': 'eff_supporters_library_subscribe_form'}
2025-10-30 18:21:08,157:DEBUG:urllib3.connectionpool:Starting new HTTPS connection (1): supporters.eff.org:443
2025-10-30 18:21:08,458:DEBUG:urllib3.connectionpool:https://supporters.eff.org:443 "POST /subscribe/certbot HTTP/1.1" 307 164
2025-10-30 18:21:08,521:DEBUG:urllib3.connectionpool:https://supporters.eff.org:443 "POST /donate/functions/certbot_subscribe HTTP/1.1" 200 38
2025-10-30 18:21:08,522:DEBUG:certbot._internal.eff:Received response:
b'{"status":true,"message":"Subscribed"}'
2025-10-30 18:21:08,526:DEBUG:certbot._internal.display.obj:Notifying user: If you like Certbot, please consider supporting our work by:
 * Donating to ISRG / Let's Encrypt:   https://letsencrypt.org/donate
 * Donating to EFF:                    https://eff.org/donate-le
